<?xml version="1.0" encoding="UTF-8"?>
<testsuite xmlns:xsi="http://www.w3.org/2001/XMLSchema-instance" xsi:noNamespaceSchemaLocation="https://maven.apache.org/surefire/maven-surefire-plugin/xsd/surefire-test-report-3.0.xsd" version="3.0" name="com.ims.resthateoas.RestHateoasApplicationTests" time="4.653" tests="1" errors="0" skipped="0" failures="0">
  <properties>
[...]
</properties>
  <testcase name="contextLoads" classname="com.ims.resthateoas.RestHateoasApplicationTests" time="0.319">
    <system-out><![CDATA[20:24:16.434 [main] INFO org.springframework.test.context.support.AnnotationConfigContextLoaderUtils -- Could not detect default configuration classes for test class [com.ims.resthateoas.RestHateoasApplicationTests]: RestHateoasApplicationTests does not declare any static, non-private, non-final, nested classes annotated with @Configuration.
20:24:16.548 [main] INFO org.springframework.boot.test.context.SpringBootTestContextBootstrapper -- Found @SpringBootConfiguration com.ims.resthateoas.RestHateoasApplication for test class com.ims.resthateoas.RestHateoasApplicationTests
  .   ____          _            __ _ _
 /\\ / ___'_ __ _ _(_)_ __  __ _ \ \ \ \
( ( )\___ | '_ | '_| | '_ \/ _` | \ \ \ \
 \\/  ___)| |_)| | | | | || (_| |  ) ) ) )
  '  |____| .__|_| |_|_| |_\__, | / / / /
 =========|_|==============|___/=/_/_/_/

 :: Spring Boot ::       (v3.3.0-SNAPSHOT)

2024-05-27T20:24:16.849+03:00  INFO 3608 --- [rest-hateoas] [           main] c.i.r.RestHateoasApplicationTests        : Starting RestHateoasApplicationTests using Java 17.0.11 with PID 3608 (started by deniz in D:\Workspace\spring-boot-hateoas)
2024-05-27T20:24:16.849+03:00  INFO 3608 --- [rest-hateoas] [           main] c.i.r.RestHateoasApplicationTests        : No active profile set, falling back to 1 default profile: "default"
2024-05-27T20:24:17.480+03:00  INFO 3608 --- [rest-hateoas] [           main] .s.d.r.c.RepositoryConfigurationDelegate : Bootstrapping Spring Data JPA repositories in DEFAULT mode.
2024-05-27T20:24:17.501+03:00  INFO 3608 --- [rest-hateoas] [           main] .s.d.r.c.RepositoryConfigurationDelegate : Finished Spring Data repository scanning in 12 ms. Found 0 JPA repository interfaces.
2024-05-27T20:24:18.053+03:00  INFO 3608 --- [rest-hateoas] [           main] com.zaxxer.hikari.HikariDataSource       : HikariPool-1 - Starting...
2024-05-27T20:24:18.246+03:00  INFO 3608 --- [rest-hateoas] [           main] com.zaxxer.hikari.pool.HikariPool        : HikariPool-1 - Added connection conn0: url=jdbc:h2:mem:3380769b-8356-4153-9a5e-a20d70a8c192 user=SA
2024-05-27T20:24:18.246+03:00  INFO 3608 --- [rest-hateoas] [           main] com.zaxxer.hikari.HikariDataSource       : HikariPool-1 - Start completed.
2024-05-27T20:24:18.290+03:00  INFO 3608 --- [rest-hateoas] [           main] o.hibernate.jpa.internal.util.LogHelper  : HHH000204: Processing PersistenceUnitInfo [name: default]
2024-05-27T20:24:18.381+03:00  INFO 3608 --- [rest-hateoas] [           main] org.hibernate.Version                    : HHH000412: Hibernate ORM core version 6.5.2.Final
2024-05-27T20:24:18.444+03:00  INFO 3608 --- [rest-hateoas] [           main] o.h.c.internal.RegionFactoryInitiator    : HHH000026: Second-level cache disabled
2024-05-27T20:24:18.788+03:00  INFO 3608 --- [rest-hateoas] [           main] o.s.o.j.p.SpringPersistenceUnitInfo      : No LoadTimeWeaver setup: ignoring JPA class transformer
2024-05-27T20:24:19.396+03:00  INFO 3608 --- [rest-hateoas] [           main] o.h.e.t.j.p.i.JtaPlatformInitiator       : HHH000489: No JTA platform available (set 'hibernate.transaction.jta.platform' to enable JTA platform integration)
2024-05-27T20:24:19.416+03:00  INFO 3608 --- [rest-hateoas] [           main] j.LocalContainerEntityManagerFactoryBean : Initialized JPA EntityManagerFactory for persistence unit 'default'
2024-05-27T20:24:19.693+03:00  WARN 3608 --- [rest-hateoas] [           main] JpaBaseConfiguration$JpaWebConfiguration : spring.jpa.open-in-view is enabled by default. Therefore, database queries may be performed during view rendering. Explicitly configure spring.jpa.open-in-view to disable this warning
2024-05-27T20:24:20.603+03:00  INFO 3608 --- [rest-hateoas] [           main] c.i.r.RestHateoasApplicationTests        : Started RestHateoasApplicationTests in 3.925 seconds (process running for 4.716)
]]></system-out>
  </testcase>
</testsuite>